# JRE version: Java(TM) SE Runtime Environment (8.0_291-b10) (build 1.8.0_291-b10)
# Java VM: Java HotSpot(TM) 64-Bit Server VM (25.291-b10 mixed mode bsd-amd64 compressed oops)
Heap:
 PSYoungGen      total 138240K, used 132388K [0x0000000795580000, 0x00000007a3c80000, 0x00000007c0000000)
  eden space 133120K, 99% used [0x0000000795580000,0x000000079d6c93a8,0x000000079d780000)
  from space 5120K, 0% used [0x000000079d780000,0x000000079d780000,0x000000079dc80000)
  to   space 14336K, 0% used [0x00000007a2e80000,0x00000007a2e80000,0x00000007a3c80000)
 ParOldGen       total 79872K, used 18507K [0x0000000740000000, 0x0000000744e00000, 0x0000000795580000)
  object space 79872K, 23% used [0x0000000740000000,0x0000000741212d38,0x0000000744e00000)
 Metaspace       used 46696K, capacity 49416K, committed 49536K, reserved 1091584K
  class space    used 6021K, capacity 6497K, committed 6528K, reserved 1048576K
GC Heap History (10 events):
Event: 1.307 GC heap before
{Heap before GC invocations=3 (full 0):
 PSYoungGen      total 71680K, used 38869K [0x0000000795580000, 0x000000079a080000, 0x00000007c0000000)
  eden space 66560K, 50% used [0x0000000795580000,0x0000000797679990,0x0000000799680000)
  from space 5120K, 99% used [0x0000000799b80000,0x000000079a07bd48,0x000000079a080000)
  to   space 5120K, 0% used [0x0000000799680000,0x0000000799680000,0x0000000799b80000)
 ParOldGen       total 87552K, used 2590K [0x0000000740000000, 0x0000000745580000, 0x0000000795580000)
  object space 87552K, 2% used [0x0000000740000000,0x0000000740287950,0x0000000745580000)
 Metaspace       used 20372K, capacity 21276K, committed 21296K, reserved 1067008K
  class space    used 2718K, capacity 2944K, committed 2944K, reserved 1048576K
Event: 1.322 GC heap after
Heap after GC invocations=3 (full 0):
 PSYoungGen      total 71680K, used 5119K [0x0000000795580000, 0x000000079e180000, 0x00000007c0000000)
  eden space 66560K, 0% used [0x0000000795580000,0x0000000795580000,0x0000000799680000)
  from space 5120K, 99% used [0x0000000799680000,0x0000000799b7fea0,0x0000000799b80000)
  to   space 5120K, 0% used [0x000000079dc80000,0x000000079dc80000,0x000000079e180000)
 ParOldGen       total 87552K, used 6441K [0x0000000740000000, 0x0000000745580000, 0x0000000795580000)
  object space 87552K, 7% used [0x0000000740000000,0x000000074064a618,0x0000000745580000)
 Metaspace       used 20372K, capacity 21276K, committed 21296K, reserved 1067008K
  class space    used 2718K, capacity 2944K, committed 2944K, reserved 1048576K
}
Event: 1.322 GC heap before
{Heap before GC invocations=4 (full 1):
 PSYoungGen      total 71680K, used 5119K [0x0000000795580000, 0x000000079e180000, 0x00000007c0000000)
  eden space 66560K, 0% used [0x0000000795580000,0x0000000795580000,0x0000000799680000)
  from space 5120K, 99% used [0x0000000799680000,0x0000000799b7fea0,0x0000000799b80000)
  to   space 5120K, 0% used [0x000000079dc80000,0x000000079dc80000,0x000000079e180000)
 ParOldGen       total 87552K, used 6441K [0x0000000740000000, 0x0000000745580000, 0x0000000795580000)
  object space 87552K, 7% used [0x0000000740000000,0x000000074064a618,0x0000000745580000)
 Metaspace       used 20372K, capacity 21276K, committed 21296K, reserved 1067008K
  class space    used 2718K, capacity 2944K, committed 2944K, reserved 1048576K
Event: 1.337 GC heap after
Heap after GC invocations=4 (full 1):
 PSYoungGen      total 71680K, used 0K [0x0000000795580000, 0x000000079e180000, 0x00000007c0000000)
  eden space 66560K, 0% used [0x0000000795580000,0x0000000795580000,0x0000000799680000)
  from space 5120K, 0% used [0x0000000799680000,0x0000000799680000,0x0000000799b80000)
  to   space 5120K, 0% used [0x000000079dc80000,0x000000079dc80000,0x000000079e180000)
 ParOldGen       total 53248K, used 8673K [0x0000000740000000, 0x0000000743400000, 0x0000000795580000)
  object space 53248K, 16% used [0x0000000740000000,0x0000000740878650,0x0000000743400000)
 Metaspace       used 20372K, capacity 21276K, committed 21296K, reserved 1067008K
  class space    used 2718K, capacity 2944K, committed 2944K, reserved 1048576K
}
Event: 2.122 GC heap before
{Heap before GC invocations=5 (full 1):
 PSYoungGen      total 71680K, used 66560K [0x0000000795580000, 0x000000079e180000, 0x00000007c0000000)
  eden space 66560K, 100% used [0x0000000795580000,0x0000000799680000,0x0000000799680000)
  from space 5120K, 0% used [0x0000000799680000,0x0000000799680000,0x0000000799b80000)
  to   space 5120K, 0% used [0x000000079dc80000,0x000000079dc80000,0x000000079e180000)
 ParOldGen       total 53248K, used 8673K [0x0000000740000000, 0x0000000743400000, 0x0000000795580000)
  object space 53248K, 16% used [0x0000000740000000,0x0000000740878650,0x0000000743400000)
 Metaspace       used 24617K, capacity 25896K, committed 25984K, reserved 1071104K
  class space    used 3346K, capacity 3625K, committed 3712K, reserved 1048576K
Event: 2.127 GC heap after
Heap after GC invocations=5 (full 1):
 PSYoungGen      total 123904K, used 5091K [0x0000000795580000, 0x000000079e180000, 0x00000007c0000000)
  eden space 118784K, 0% used [0x0000000795580000,0x0000000795580000,0x000000079c980000)
  from space 5120K, 99% used [0x000000079dc80000,0x000000079e178e90,0x000000079e180000)
  to   space 5120K, 0% used [0x000000079d780000,0x000000079d780000,0x000000079dc80000)
 ParOldGen       total 53248K, used 11417K [0x0000000740000000, 0x0000000743400000, 0x0000000795580000)
  object space 53248K, 21% used [0x0000000740000000,0x0000000740b26618,0x0000000743400000)
 Metaspace       used 24617K, capacity 25896K, committed 25984K, reserved 1071104K
  class space    used 3346K, capacity 3625K, committed 3712K, reserved 1048576K
}
Event: 3.105 GC heap before
{Heap before GC invocations=6 (full 1):
 PSYoungGen      total 123904K, used 89676K [0x0000000795580000, 0x000000079e180000, 0x00000007c0000000)
  eden space 118784K, 71% used [0x0000000795580000,0x000000079a81a490,0x000000079c980000)
  from space 5120K, 99% used [0x000000079dc80000,0x000000079e178e90,0x000000079e180000)
  to   space 5120K, 0% used [0x000000079d780000,0x000000079d780000,0x000000079dc80000)
 ParOldGen       total 53248K, used 11417K [0x0000000740000000, 0x0000000743400000, 0x0000000795580000)
  object space 53248K, 21% used [0x0000000740000000,0x0000000740b26618,0x0000000743400000)
 Metaspace       used 33417K, capacity 35472K, committed 35496K, reserved 1079296K
  class space    used 4496K, capacity 4857K, committed 4864K, reserved 1048576K
Event: 3.119 GC heap after
Heap after GC invocations=6 (full 1):
 PSYoungGen      total 138240K, used 5088K [0x0000000795580000, 0x00000007a3c80000, 0x00000007c0000000)
  eden space 133120K, 0% used [0x0000000795580000,0x0000000795580000,0x000000079d780000)
  from space 5120K, 99% used [0x000000079d780000,0x000000079dc78150,0x000000079dc80000)
  to   space 14336K, 0% used [0x00000007a2e80000,0x00000007a2e80000,0x00000007a3c80000)
 ParOldGen       total 53248K, used 20657K [0x0000000740000000, 0x0000000743400000, 0x0000000795580000)
  object space 53248K, 38% used [0x0000000740000000,0x000000074142c4b8,0x0000000743400000)
 Metaspace       used 33417K, capacity 35472K, committed 35496K, reserved 1079296K
  class space    used 4496K, capacity 4857K, committed 4864K, reserved 1048576K
}
Event: 3.119 GC heap before
{Heap before GC invocations=7 (full 2):
 PSYoungGen      total 138240K, used 5088K [0x0000000795580000, 0x00000007a3c80000, 0x00000007c0000000)
  eden space 133120K, 0% used [0x0000000795580000,0x0000000795580000,0x000000079d780000)
  from space 5120K, 99% used [0x000000079d780000,0x000000079dc78150,0x000000079dc80000)
  to   space 14336K, 0% used [0x00000007a2e80000,0x00000007a2e80000,0x00000007a3c80000)
 ParOldGen       total 53248K, used 20657K [0x0000000740000000, 0x0000000743400000, 0x0000000795580000)
  object space 53248K, 38% used [0x0000000740000000,0x000000074142c4b8,0x0000000743400000)
 Metaspace       used 33417K, capacity 35472K, committed 35496K, reserved 1079296K
  class space    used 4496K, capacity 4857K, committed 4864K, reserved 1048576K
Event: 3.156 GC heap after
Heap after GC invocations=7 (full 2):
 PSYoungGen      total 138240K, used 0K [0x0000000795580000, 0x00000007a3c80000, 0x00000007c0000000)
  eden space 133120K, 0% used [0x0000000795580000,0x0000000795580000,0x000000079d780000)
  from space 5120K, 0% used [0x000000079d780000,0x000000079d780000,0x000000079dc80000)
  to   space 14336K, 0% used [0x00000007a2e80000,0x00000007a2e80000,0x00000007a3c80000)
 ParOldGen       total 79872K, used 18507K [0x0000000740000000, 0x0000000744e00000, 0x0000000795580000)
  object space 79872K, 23% used [0x0000000740000000,0x0000000741212d38,0x0000000744e00000)
 Metaspace       used 33417K, capacity 35472K, committed 35496K, reserved 1079296K
  class space    used 4496K, capacity 4857K, committed 4864K, reserved 1048576K
}

