# JRE version: Java(TM) SE Runtime Environment (8.0_291-b10) (build 1.8.0_291-b10)
# Java VM: Java HotSpot(TM) 64-Bit Server VM (25.291-b10 mixed mode bsd-amd64 compressed oops)
Heap:
 PSYoungGen      total 685568K, used 154170K [0x0000000795580000, 0x00000007bfb00000, 0x00000007c0000000)
  eden space 676864K, 22% used [0x0000000795580000,0x000000079ec0e9c8,0x00000007bea80000)
  from space 8704K, 0% used [0x00000007bea80000,0x00000007bea80000,0x00000007bf300000)
  to   space 8192K, 0% used [0x00000007bf300000,0x00000007bf300000,0x00000007bfb00000)
 ParOldGen       total 72704K, used 18646K [0x0000000740000000, 0x0000000744700000, 0x0000000795580000)
  object space 72704K, 25% used [0x0000000740000000,0x0000000741235a68,0x0000000744700000)
 Metaspace       used 52213K, capacity 57811K, committed 58240K, reserved 1099776K
  class space    used 6723K, capacity 7503K, committed 7552K, reserved 1048576K
GC Heap History (10 events):
Event: 5153.643 GC heap before
{Heap before GC invocations=64 (full 29):
 PSYoungGen      total 685568K, used 4437K [0x0000000795580000, 0x00000007bfb00000, 0x00000007c0000000)
  eden space 677376K, 0% used [0x0000000795580000,0x0000000795580000,0x00000007beb00000)
  from space 8192K, 54% used [0x00000007beb00000,0x00000007bef55688,0x00000007bf300000)
  to   space 8192K, 0% used [0x00000007bf300000,0x00000007bf300000,0x00000007bfb00000)
 ParOldGen       total 72704K, used 18185K [0x0000000740000000, 0x0000000744700000, 0x0000000795580000)
  object space 72704K, 25% used [0x0000000740000000,0x00000007411c2698,0x0000000744700000)
 Metaspace       used 51571K, capacity 57095K, committed 57472K, reserved 1099776K
  class space    used 6648K, capacity 7423K, committed 7552K, reserved 1048576K
Event: 5154.171 GC heap after
Heap after GC invocations=64 (full 29):
 PSYoungGen      total 685568K, used 0K [0x0000000795580000, 0x00000007bfb00000, 0x00000007c0000000)
  eden space 677376K, 0% used [0x0000000795580000,0x0000000795580000,0x00000007beb00000)
  from space 8192K, 0% used [0x00000007beb00000,0x00000007beb00000,0x00000007bf300000)
  to   space 8192K, 0% used [0x00000007bf300000,0x00000007bf300000,0x00000007bfb00000)
 ParOldGen       total 72704K, used 18669K [0x0000000740000000, 0x0000000744700000, 0x0000000795580000)
  object space 72704K, 25% used [0x0000000740000000,0x000000074123b548,0x0000000744700000)
 Metaspace       used 51549K, capacity 57065K, committed 57472K, reserved 1099776K
  class space    used 6645K, capacity 7417K, committed 7552K, reserved 1048576K
}
Event: 5825.880 GC heap before
{Heap before GC invocations=65 (full 29):
 PSYoungGen      total 685568K, used 520615K [0x0000000795580000, 0x00000007bfb00000, 0x00000007c0000000)
  eden space 677376K, 76% used [0x0000000795580000,0x00000007b51e9eb8,0x00000007beb00000)
  from space 8192K, 0% used [0x00000007beb00000,0x00000007beb00000,0x00000007bf300000)
  to   space 8192K, 0% used [0x00000007bf300000,0x00000007bf300000,0x00000007bfb00000)
 ParOldGen       total 72704K, used 18669K [0x0000000740000000, 0x0000000744700000, 0x0000000795580000)
  object space 72704K, 25% used [0x0000000740000000,0x000000074123b548,0x0000000744700000)
 Metaspace       used 52321K, capacity 58043K, committed 58240K, reserved 1099776K
  class space    used 6741K, capacity 7541K, committed 7552K, reserved 1048576K
Event: 5826.172 GC heap after
Heap after GC invocations=65 (full 29):
 PSYoungGen      total 685056K, used 6799K [0x0000000795580000, 0x00000007bfc00000, 0x00000007c0000000)
  eden space 676864K, 0% used [0x0000000795580000,0x0000000795580000,0x00000007bea80000)
  from space 8192K, 83% used [0x00000007bf300000,0x00000007bf9a3e30,0x00000007bfb00000)
  to   space 8704K, 0% used [0x00000007bea80000,0x00000007bea80000,0x00000007bf300000)
 ParOldGen       total 72704K, used 18677K [0x0000000740000000, 0x0000000744700000, 0x0000000795580000)
  object space 72704K, 25% used [0x0000000740000000,0x000000074123d548,0x0000000744700000)
 Metaspace       used 52321K, capacity 58043K, committed 58240K, reserved 1099776K
  class space    used 6741K, capacity 7541K, committed 7552K, reserved 1048576K
}
Event: 5826.172 GC heap before
{Heap before GC invocations=66 (full 30):
 PSYoungGen      total 685056K, used 6799K [0x0000000795580000, 0x00000007bfc00000, 0x00000007c0000000)
  eden space 676864K, 0% used [0x0000000795580000,0x0000000795580000,0x00000007bea80000)
  from space 8192K, 83% used [0x00000007bf300000,0x00000007bf9a3e30,0x00000007bfb00000)
  to   space 8704K, 0% used [0x00000007bea80000,0x00000007bea80000,0x00000007bf300000)
 ParOldGen       total 72704K, used 18677K [0x0000000740000000, 0x0000000744700000, 0x0000000795580000)
  object space 72704K, 25% used [0x0000000740000000,0x000000074123d548,0x0000000744700000)
 Metaspace       used 52321K, capacity 58043K, committed 58240K, reserved 1099776K
  class space    used 6741K, capacity 7541K, committed 7552K, reserved 1048576K
Event: 5826.527 GC heap after
Heap after GC invocations=66 (full 30):
 PSYoungGen      total 685056K, used 0K [0x0000000795580000, 0x00000007bfc00000, 0x00000007c0000000)
  eden space 676864K, 0% used [0x0000000795580000,0x0000000795580000,0x00000007bea80000)
  from space 8192K, 0% used [0x00000007bf300000,0x00000007bf300000,0x00000007bfb00000)
  to   space 8704K, 0% used [0x00000007bea80000,0x00000007bea80000,0x00000007bf300000)
 ParOldGen       total 72704K, used 20198K [0x0000000740000000, 0x0000000744700000, 0x0000000795580000)
  object space 72704K, 27% used [0x0000000740000000,0x00000007413b9a38,0x0000000744700000)
 Metaspace       used 52050K, capacity 57517K, committed 58240K, reserved 1099776K
  class space    used 6704K, capacity 7472K, committed 7552K, reserved 1048576K
}
Event: 5937.281 GC heap before
{Heap before GC invocations=67 (full 30):
 PSYoungGen      total 685056K, used 194689K [0x0000000795580000, 0x00000007bfc00000, 0x00000007c0000000)
  eden space 676864K, 28% used [0x0000000795580000,0x00000007a13a0548,0x00000007bea80000)
  from space 8192K, 0% used [0x00000007bf300000,0x00000007bf300000,0x00000007bfb00000)
  to   space 8704K, 0% used [0x00000007bea80000,0x00000007bea80000,0x00000007bf300000)
 ParOldGen       total 72704K, used 20198K [0x0000000740000000, 0x0000000744700000, 0x0000000795580000)
  object space 72704K, 27% used [0x0000000740000000,0x00000007413b9a38,0x0000000744700000)
 Metaspace       used 52203K, capacity 57803K, committed 58240K, reserved 1099776K
  class space    used 6722K, capacity 7503K, committed 7552K, reserved 1048576K
Event: 5937.401 GC heap after
Heap after GC invocations=67 (full 30):
 PSYoungGen      total 685568K, used 4567K [0x0000000795580000, 0x00000007bfb00000, 0x00000007c0000000)
  eden space 676864K, 0% used [0x0000000795580000,0x0000000795580000,0x00000007bea80000)
  from space 8704K, 52% used [0x00000007bea80000,0x00000007beef5ef0,0x00000007bf300000)
  to   space 8192K, 0% used [0x00000007bf300000,0x00000007bf300000,0x00000007bfb00000)
 ParOldGen       total 72704K, used 20206K [0x0000000740000000, 0x0000000744700000, 0x0000000795580000)
  object space 72704K, 27% used [0x0000000740000000,0x00000007413bba38,0x0000000744700000)
 Metaspace       used 52203K, capacity 57803K, committed 58240K, reserved 1099776K
  class space    used 6722K, capacity 7503K, committed 7552K, reserved 1048576K
}
Event: 5937.401 GC heap before
{Heap before GC invocations=68 (full 31):
 PSYoungGen      total 685568K, used 4567K [0x0000000795580000, 0x00000007bfb00000, 0x00000007c0000000)
  eden space 676864K, 0% used [0x0000000795580000,0x0000000795580000,0x00000007bea80000)
  from space 8704K, 52% used [0x00000007bea80000,0x00000007beef5ef0,0x00000007bf300000)
  to   space 8192K, 0% used [0x00000007bf300000,0x00000007bf300000,0x00000007bfb00000)
 ParOldGen       total 72704K, used 20206K [0x0000000740000000, 0x0000000744700000, 0x0000000795580000)
  object space 72704K, 27% used [0x0000000740000000,0x00000007413bba38,0x0000000744700000)
 Metaspace       used 52203K, capacity 57803K, committed 58240K, reserved 1099776K
  class space    used 6722K, capacity 7503K, committed 7552K, reserved 1048576K
Event: 5937.604 GC heap after
Heap after GC invocations=68 (full 31):
 PSYoungGen      total 685568K, used 0K [0x0000000795580000, 0x00000007bfb00000, 0x00000007c0000000)
  eden space 676864K, 0% used [0x0000000795580000,0x0000000795580000,0x00000007bea80000)
  from space 8704K, 0% used [0x00000007bea80000,0x00000007bea80000,0x00000007bf300000)
  to   space 8192K, 0% used [0x00000007bf300000,0x00000007bf300000,0x00000007bfb00000)
 ParOldGen       total 72704K, used 18646K [0x0000000740000000, 0x0000000744700000, 0x0000000795580000)
  object space 72704K, 25% used [0x0000000740000000,0x0000000741235a68,0x0000000744700000)
 Metaspace       used 52060K, capacity 57517K, committed 58240K, reserved 1099776K
  class space    used 6704K, capacity 7472K, committed 7552K, reserved 1048576K
}

