# JRE version: Java(TM) SE Runtime Environment (8.0_291-b10) (build 1.8.0_291-b10)
# Java VM: Java HotSpot(TM) 64-Bit Server VM (25.291-b10 mixed mode bsd-amd64 compressed oops)
Heap:
 PSYoungGen      total 138240K, used 74442K [0x0000000795580000, 0x00000007a3300000, 0x00000007c0000000)
  eden space 133120K, 55% used [0x0000000795580000,0x0000000799e32a88,0x000000079d780000)
  from space 5120K, 0% used [0x000000079d780000,0x000000079d780000,0x000000079dc80000)
  to   space 14336K, 0% used [0x00000007a2500000,0x00000007a2500000,0x00000007a3300000)
 ParOldGen       total 83456K, used 18603K [0x0000000740000000, 0x0000000745180000, 0x0000000795580000)
  object space 83456K, 22% used [0x0000000740000000,0x000000074122ade0,0x0000000745180000)
 Metaspace       used 39723K, capacity 42412K, committed 42496K, reserved 1085440K
  class space    used 5376K, capacity 5836K, committed 5888K, reserved 1048576K
GC Heap History (10 events):
Event: 1.117 GC heap before
{Heap before GC invocations=3 (full 0):
 PSYoungGen      total 71680K, used 39256K [0x0000000795580000, 0x000000079a080000, 0x00000007c0000000)
  eden space 66560K, 51% used [0x0000000795580000,0x00000007976da100,0x0000000799680000)
  from space 5120K, 99% used [0x0000000799b80000,0x000000079a07c108,0x000000079a080000)
  to   space 5120K, 0% used [0x0000000799680000,0x0000000799680000,0x0000000799b80000)
 ParOldGen       total 87552K, used 2268K [0x0000000740000000, 0x0000000745580000, 0x0000000795580000)
  object space 87552K, 2% used [0x0000000740000000,0x0000000740237068,0x0000000745580000)
 Metaspace       used 20388K, capacity 21230K, committed 21296K, reserved 1067008K
  class space    used 2709K, capacity 2910K, committed 2944K, reserved 1048576K
Event: 1.132 GC heap after
Heap after GC invocations=3 (full 0):
 PSYoungGen      total 71680K, used 5114K [0x0000000795580000, 0x000000079e180000, 0x00000007c0000000)
  eden space 66560K, 0% used [0x0000000795580000,0x0000000795580000,0x0000000799680000)
  from space 5120K, 99% used [0x0000000799680000,0x0000000799b7eaa0,0x0000000799b80000)
  to   space 5120K, 0% used [0x000000079dc80000,0x000000079dc80000,0x000000079e180000)
 ParOldGen       total 87552K, used 6511K [0x0000000740000000, 0x0000000745580000, 0x0000000795580000)
  object space 87552K, 7% used [0x0000000740000000,0x000000074065be00,0x0000000745580000)
 Metaspace       used 20388K, capacity 21230K, committed 21296K, reserved 1067008K
  class space    used 2709K, capacity 2910K, committed 2944K, reserved 1048576K
}
Event: 1.132 GC heap before
{Heap before GC invocations=4 (full 1):
 PSYoungGen      total 71680K, used 5114K [0x0000000795580000, 0x000000079e180000, 0x00000007c0000000)
  eden space 66560K, 0% used [0x0000000795580000,0x0000000795580000,0x0000000799680000)
  from space 5120K, 99% used [0x0000000799680000,0x0000000799b7eaa0,0x0000000799b80000)
  to   space 5120K, 0% used [0x000000079dc80000,0x000000079dc80000,0x000000079e180000)
 ParOldGen       total 87552K, used 6511K [0x0000000740000000, 0x0000000745580000, 0x0000000795580000)
  object space 87552K, 7% used [0x0000000740000000,0x000000074065be00,0x0000000745580000)
 Metaspace       used 20388K, capacity 21230K, committed 21296K, reserved 1067008K
  class space    used 2709K, capacity 2910K, committed 2944K, reserved 1048576K
Event: 1.148 GC heap after
Heap after GC invocations=4 (full 1):
 PSYoungGen      total 71680K, used 0K [0x0000000795580000, 0x000000079e180000, 0x00000007c0000000)
  eden space 66560K, 0% used [0x0000000795580000,0x0000000795580000,0x0000000799680000)
  from space 5120K, 0% used [0x0000000799680000,0x0000000799680000,0x0000000799b80000)
  to   space 5120K, 0% used [0x000000079dc80000,0x000000079dc80000,0x000000079e180000)
 ParOldGen       total 55808K, used 9070K [0x0000000740000000, 0x0000000743680000, 0x0000000795580000)
  object space 55808K, 16% used [0x0000000740000000,0x00000007408db9b0,0x0000000743680000)
 Metaspace       used 20388K, capacity 21230K, committed 21296K, reserved 1067008K
  class space    used 2709K, capacity 2910K, committed 2944K, reserved 1048576K
}
Event: 1.824 GC heap before
{Heap before GC invocations=5 (full 1):
 PSYoungGen      total 71680K, used 66560K [0x0000000795580000, 0x000000079e180000, 0x00000007c0000000)
  eden space 66560K, 100% used [0x0000000795580000,0x0000000799680000,0x0000000799680000)
  from space 5120K, 0% used [0x0000000799680000,0x0000000799680000,0x0000000799b80000)
  to   space 5120K, 0% used [0x000000079dc80000,0x000000079dc80000,0x000000079e180000)
 ParOldGen       total 55808K, used 9070K [0x0000000740000000, 0x0000000743680000, 0x0000000795580000)
  object space 55808K, 16% used [0x0000000740000000,0x00000007408db9b0,0x0000000743680000)
 Metaspace       used 24503K, capacity 25738K, committed 25984K, reserved 1071104K
  class space    used 3325K, capacity 3592K, committed 3712K, reserved 1048576K
Event: 1.829 GC heap after
Heap after GC invocations=5 (full 1):
 PSYoungGen      total 121344K, used 5089K [0x0000000795580000, 0x000000079e180000, 0x00000007c0000000)
  eden space 116224K, 0% used [0x0000000795580000,0x0000000795580000,0x000000079c700000)
  from space 5120K, 99% used [0x000000079dc80000,0x000000079e1786d8,0x000000079e180000)
  to   space 5120K, 0% used [0x000000079d780000,0x000000079d780000,0x000000079dc80000)
 ParOldGen       total 55808K, used 11659K [0x0000000740000000, 0x0000000743680000, 0x0000000795580000)
  object space 55808K, 20% used [0x0000000740000000,0x0000000740b62d78,0x0000000743680000)
 Metaspace       used 24503K, capacity 25738K, committed 25984K, reserved 1071104K
  class space    used 3325K, capacity 3592K, committed 3712K, reserved 1048576K
}
Event: 2.951 GC heap before
{Heap before GC invocations=6 (full 1):
 PSYoungGen      total 121344K, used 93120K [0x0000000795580000, 0x000000079e180000, 0x00000007c0000000)
  eden space 116224K, 75% used [0x0000000795580000,0x000000079ab77bd0,0x000000079c700000)
  from space 5120K, 99% used [0x000000079dc80000,0x000000079e1786d8,0x000000079e180000)
  to   space 5120K, 0% used [0x000000079d780000,0x000000079d780000,0x000000079dc80000)
 ParOldGen       total 55808K, used 11659K [0x0000000740000000, 0x0000000743680000, 0x0000000795580000)
  object space 55808K, 20% used [0x0000000740000000,0x0000000740b62d78,0x0000000743680000)
 Metaspace       used 33430K, capacity 35474K, committed 35496K, reserved 1079296K
  class space    used 4496K, capacity 4856K, committed 4864K, reserved 1048576K
Event: 2.965 GC heap after
Heap after GC invocations=6 (full 1):
 PSYoungGen      total 138240K, used 5105K [0x0000000795580000, 0x00000007a3300000, 0x00000007c0000000)
  eden space 133120K, 0% used [0x0000000795580000,0x0000000795580000,0x000000079d780000)
  from space 5120K, 99% used [0x000000079d780000,0x000000079dc7c598,0x000000079dc80000)
  to   space 14336K, 0% used [0x00000007a2500000,0x00000007a2500000,0x00000007a3300000)
 ParOldGen       total 55808K, used 20856K [0x0000000740000000, 0x0000000743680000, 0x0000000795580000)
  object space 55808K, 37% used [0x0000000740000000,0x000000074145e100,0x0000000743680000)
 Metaspace       used 33430K, capacity 35474K, committed 35496K, reserved 1079296K
  class space    used 4496K, capacity 4856K, committed 4864K, reserved 1048576K
}
Event: 2.965 GC heap before
{Heap before GC invocations=7 (full 2):
 PSYoungGen      total 138240K, used 5105K [0x0000000795580000, 0x00000007a3300000, 0x00000007c0000000)
  eden space 133120K, 0% used [0x0000000795580000,0x0000000795580000,0x000000079d780000)
  from space 5120K, 99% used [0x000000079d780000,0x000000079dc7c598,0x000000079dc80000)
  to   space 14336K, 0% used [0x00000007a2500000,0x00000007a2500000,0x00000007a3300000)
 ParOldGen       total 55808K, used 20856K [0x0000000740000000, 0x0000000743680000, 0x0000000795580000)
  object space 55808K, 37% used [0x0000000740000000,0x000000074145e100,0x0000000743680000)
 Metaspace       used 33430K, capacity 35474K, committed 35496K, reserved 1079296K
  class space    used 4496K, capacity 4856K, committed 4864K, reserved 1048576K
Event: 3.005 GC heap after
Heap after GC invocations=7 (full 2):
 PSYoungGen      total 138240K, used 0K [0x0000000795580000, 0x00000007a3300000, 0x00000007c0000000)
  eden space 133120K, 0% used [0x0000000795580000,0x0000000795580000,0x000000079d780000)
  from space 5120K, 0% used [0x000000079d780000,0x000000079d780000,0x000000079dc80000)
  to   space 14336K, 0% used [0x00000007a2500000,0x00000007a2500000,0x00000007a3300000)
 ParOldGen       total 83456K, used 18603K [0x0000000740000000, 0x0000000745180000, 0x0000000795580000)
  object space 83456K, 22% used [0x0000000740000000,0x000000074122ade0,0x0000000745180000)
 Metaspace       used 33430K, capacity 35474K, committed 35496K, reserved 1079296K
  class space    used 4496K, capacity 4856K, committed 4864K, reserved 1048576K
}

