# JRE version: Java(TM) SE Runtime Environment (8.0_291-b10) (build 1.8.0_291-b10)
# Java VM: Java HotSpot(TM) 64-Bit Server VM (25.291-b10 mixed mode bsd-amd64 compressed oops)
Heap:
 PSYoungGen      total 138240K, used 123309K [0x0000000795580000, 0x00000007a3a00000, 0x00000007c0000000)
  eden space 133120K, 92% used [0x0000000795580000,0x000000079cdeb458,0x000000079d780000)
  from space 5120K, 0% used [0x000000079d780000,0x000000079d780000,0x000000079dc80000)
  to   space 14336K, 0% used [0x00000007a2c00000,0x00000007a2c00000,0x00000007a3a00000)
 ParOldGen       total 80896K, used 18533K [0x0000000740000000, 0x0000000744f00000, 0x0000000795580000)
  object space 80896K, 22% used [0x0000000740000000,0x00000007412196f0,0x0000000744f00000)
 Metaspace       used 46683K, capacity 49412K, committed 49536K, reserved 1091584K
  class space    used 6020K, capacity 6496K, committed 6528K, reserved 1048576K
GC Heap History (10 events):
Event: 1.268 GC heap before
{Heap before GC invocations=3 (full 0):
 PSYoungGen      total 71680K, used 37410K [0x0000000795580000, 0x000000079a080000, 0x00000007c0000000)
  eden space 66560K, 48% used [0x0000000795580000,0x0000000797510368,0x0000000799680000)
  from space 5120K, 99% used [0x0000000799b80000,0x000000079a078580,0x000000079a080000)
  to   space 5120K, 0% used [0x0000000799680000,0x0000000799680000,0x0000000799b80000)
 ParOldGen       total 87552K, used 2571K [0x0000000740000000, 0x0000000745580000, 0x0000000795580000)
  object space 87552K, 2% used [0x0000000740000000,0x0000000740282cf0,0x0000000745580000)
 Metaspace       used 20385K, capacity 21230K, committed 21296K, reserved 1067008K
  class space    used 2704K, capacity 2910K, committed 2944K, reserved 1048576K
Event: 1.286 GC heap after
Heap after GC invocations=3 (full 0):
 PSYoungGen      total 71680K, used 5109K [0x0000000795580000, 0x000000079e180000, 0x00000007c0000000)
  eden space 66560K, 0% used [0x0000000795580000,0x0000000795580000,0x0000000799680000)
  from space 5120K, 99% used [0x0000000799680000,0x0000000799b7d6d8,0x0000000799b80000)
  to   space 5120K, 0% used [0x000000079dc80000,0x000000079dc80000,0x000000079e180000)
 ParOldGen       total 87552K, used 6592K [0x0000000740000000, 0x0000000745580000, 0x0000000795580000)
  object space 87552K, 7% used [0x0000000740000000,0x0000000740670080,0x0000000745580000)
 Metaspace       used 20385K, capacity 21230K, committed 21296K, reserved 1067008K
  class space    used 2704K, capacity 2910K, committed 2944K, reserved 1048576K
}
Event: 1.287 GC heap before
{Heap before GC invocations=4 (full 1):
 PSYoungGen      total 71680K, used 5109K [0x0000000795580000, 0x000000079e180000, 0x00000007c0000000)
  eden space 66560K, 0% used [0x0000000795580000,0x0000000795580000,0x0000000799680000)
  from space 5120K, 99% used [0x0000000799680000,0x0000000799b7d6d8,0x0000000799b80000)
  to   space 5120K, 0% used [0x000000079dc80000,0x000000079dc80000,0x000000079e180000)
 ParOldGen       total 87552K, used 6592K [0x0000000740000000, 0x0000000745580000, 0x0000000795580000)
  object space 87552K, 7% used [0x0000000740000000,0x0000000740670080,0x0000000745580000)
 Metaspace       used 20385K, capacity 21230K, committed 21296K, reserved 1067008K
  class space    used 2704K, capacity 2910K, committed 2944K, reserved 1048576K
Event: 1.303 GC heap after
Heap after GC invocations=4 (full 1):
 PSYoungGen      total 71680K, used 0K [0x0000000795580000, 0x000000079e180000, 0x00000007c0000000)
  eden space 66560K, 0% used [0x0000000795580000,0x0000000795580000,0x0000000799680000)
  from space 5120K, 0% used [0x0000000799680000,0x0000000799680000,0x0000000799b80000)
  to   space 5120K, 0% used [0x000000079dc80000,0x000000079dc80000,0x000000079e180000)
 ParOldGen       total 53760K, used 8844K [0x0000000740000000, 0x0000000743480000, 0x0000000795580000)
  object space 53760K, 16% used [0x0000000740000000,0x00000007408a3260,0x0000000743480000)
 Metaspace       used 20385K, capacity 21230K, committed 21296K, reserved 1067008K
  class space    used 2704K, capacity 2910K, committed 2944K, reserved 1048576K
}
Event: 1.992 GC heap before
{Heap before GC invocations=5 (full 1):
 PSYoungGen      total 71680K, used 66560K [0x0000000795580000, 0x000000079e180000, 0x00000007c0000000)
  eden space 66560K, 100% used [0x0000000795580000,0x0000000799680000,0x0000000799680000)
  from space 5120K, 0% used [0x0000000799680000,0x0000000799680000,0x0000000799b80000)
  to   space 5120K, 0% used [0x000000079dc80000,0x000000079dc80000,0x000000079e180000)
 ParOldGen       total 53760K, used 8844K [0x0000000740000000, 0x0000000743480000, 0x0000000795580000)
  object space 53760K, 16% used [0x0000000740000000,0x00000007408a3260,0x0000000743480000)
 Metaspace       used 24579K, capacity 25862K, committed 25984K, reserved 1071104K
  class space    used 3333K, capacity 3592K, committed 3712K, reserved 1048576K
Event: 2.000 GC heap after
Heap after GC invocations=5 (full 1):
 PSYoungGen      total 123392K, used 5094K [0x0000000795580000, 0x000000079e180000, 0x00000007c0000000)
  eden space 118272K, 0% used [0x0000000795580000,0x0000000795580000,0x000000079c900000)
  from space 5120K, 99% used [0x000000079dc80000,0x000000079e1798d0,0x000000079e180000)
  to   space 5120K, 0% used [0x000000079d780000,0x000000079d780000,0x000000079dc80000)
 ParOldGen       total 53760K, used 11483K [0x0000000740000000, 0x0000000743480000, 0x0000000795580000)
  object space 53760K, 21% used [0x0000000740000000,0x0000000740b36d28,0x0000000743480000)
 Metaspace       used 24579K, capacity 25862K, committed 25984K, reserved 1071104K
  class space    used 3333K, capacity 3592K, committed 3712K, reserved 1048576K
}
Event: 3.067 GC heap before
{Heap before GC invocations=6 (full 1):
 PSYoungGen      total 123392K, used 89477K [0x0000000795580000, 0x000000079e180000, 0x00000007c0000000)
  eden space 118272K, 71% used [0x0000000795580000,0x000000079a7e7c38,0x000000079c900000)
  from space 5120K, 99% used [0x000000079dc80000,0x000000079e1798d0,0x000000079e180000)
  to   space 5120K, 0% used [0x000000079d780000,0x000000079d780000,0x000000079dc80000)
 ParOldGen       total 53760K, used 11483K [0x0000000740000000, 0x0000000743480000, 0x0000000795580000)
  object space 53760K, 21% used [0x0000000740000000,0x0000000740b36d28,0x0000000743480000)
 Metaspace       used 33421K, capacity 35470K, committed 35496K, reserved 1079296K
  class space    used 4493K, capacity 4856K, committed 4864K, reserved 1048576K
Event: 3.080 GC heap after
Heap after GC invocations=6 (full 1):
 PSYoungGen      total 138240K, used 5089K [0x0000000795580000, 0x00000007a3a00000, 0x00000007c0000000)
  eden space 133120K, 0% used [0x0000000795580000,0x0000000795580000,0x000000079d780000)
  from space 5120K, 99% used [0x000000079d780000,0x000000079dc785a8,0x000000079dc80000)
  to   space 14336K, 0% used [0x00000007a2c00000,0x00000007a2c00000,0x00000007a3a00000)
 ParOldGen       total 53760K, used 20644K [0x0000000740000000, 0x0000000743480000, 0x0000000795580000)
  object space 53760K, 38% used [0x0000000740000000,0x0000000741429078,0x0000000743480000)
 Metaspace       used 33421K, capacity 35470K, committed 35496K, reserved 1079296K
  class space    used 4493K, capacity 4856K, committed 4864K, reserved 1048576K
}
Event: 3.080 GC heap before
{Heap before GC invocations=7 (full 2):
 PSYoungGen      total 138240K, used 5089K [0x0000000795580000, 0x00000007a3a00000, 0x00000007c0000000)
  eden space 133120K, 0% used [0x0000000795580000,0x0000000795580000,0x000000079d780000)
  from space 5120K, 99% used [0x000000079d780000,0x000000079dc785a8,0x000000079dc80000)
  to   space 14336K, 0% used [0x00000007a2c00000,0x00000007a2c00000,0x00000007a3a00000)
 ParOldGen       total 53760K, used 20644K [0x0000000740000000, 0x0000000743480000, 0x0000000795580000)
  object space 53760K, 38% used [0x0000000740000000,0x0000000741429078,0x0000000743480000)
 Metaspace       used 33421K, capacity 35470K, committed 35496K, reserved 1079296K
  class space    used 4493K, capacity 4856K, committed 4864K, reserved 1048576K
Event: 3.120 GC heap after
Heap after GC invocations=7 (full 2):
 PSYoungGen      total 138240K, used 0K [0x0000000795580000, 0x00000007a3a00000, 0x00000007c0000000)
  eden space 133120K, 0% used [0x0000000795580000,0x0000000795580000,0x000000079d780000)
  from space 5120K, 0% used [0x000000079d780000,0x000000079d780000,0x000000079dc80000)
  to   space 14336K, 0% used [0x00000007a2c00000,0x00000007a2c00000,0x00000007a3a00000)
 ParOldGen       total 80896K, used 18533K [0x0000000740000000, 0x0000000744f00000, 0x0000000795580000)
  object space 80896K, 22% used [0x0000000740000000,0x00000007412196f0,0x0000000744f00000)
 Metaspace       used 33421K, capacity 35470K, committed 35496K, reserved 1079296K
  class space    used 4493K, capacity 4856K, committed 4864K, reserved 1048576K
}

