# JRE version: Java(TM) SE Runtime Environment (8.0_291-b10) (build 1.8.0_291-b10)
# Java VM: Java HotSpot(TM) 64-Bit Server VM (25.291-b10 mixed mode bsd-amd64 compressed oops)
Heap:
 PSYoungGen      total 218112K, used 80125K [0x0000000795580000, 0x00000007a4900000, 0x00000007c0000000)
  eden space 200192K, 40% used [0x0000000795580000,0x000000079a3bf740,0x00000007a1900000)
  from space 17920K, 0% used [0x00000007a1900000,0x00000007a1900000,0x00000007a2a80000)
  to   space 17920K, 0% used [0x00000007a3780000,0x00000007a3780000,0x00000007a4900000)
 ParOldGen       total 81408K, used 14280K [0x0000000740000000, 0x0000000744f80000, 0x0000000795580000)
  object space 81408K, 17% used [0x0000000740000000,0x0000000740df2348,0x0000000744f80000)
 Metaspace       used 47546K, capacity 50398K, committed 50688K, reserved 1093632K
  class space    used 6130K, capacity 6605K, committed 6656K, reserved 1048576K
GC Heap History (10 events):
Event: 3.492 GC heap before
{Heap before GC invocations=6 (full 1):
 PSYoungGen      total 122880K, used 89023K [0x0000000795580000, 0x000000079e180000, 0x00000007c0000000)
  eden space 117760K, 71% used [0x0000000795580000,0x000000079a776af0,0x000000079c880000)
  from space 5120K, 99% used [0x000000079dc80000,0x000000079e179130,0x000000079e180000)
  to   space 5120K, 0% used [0x000000079d780000,0x000000079d780000,0x000000079dc80000)
 ParOldGen       total 54272K, used 11638K [0x0000000740000000, 0x0000000743500000, 0x0000000795580000)
  object space 54272K, 21% used [0x0000000740000000,0x0000000740b5db40,0x0000000743500000)
 Metaspace       used 33413K, capacity 35402K, committed 35496K, reserved 1079296K
  class space    used 4496K, capacity 4856K, committed 4864K, reserved 1048576K
Event: 3.506 GC heap after
Heap after GC invocations=6 (full 1):
 PSYoungGen      total 138240K, used 5088K [0x0000000795580000, 0x00000007a3880000, 0x00000007c0000000)
  eden space 133120K, 0% used [0x0000000795580000,0x0000000795580000,0x000000079d780000)
  from space 5120K, 99% used [0x000000079d780000,0x000000079dc78150,0x000000079dc80000)
  to   space 14336K, 0% used [0x00000007a2a80000,0x00000007a2a80000,0x00000007a3880000)
 ParOldGen       total 54272K, used 20775K [0x0000000740000000, 0x0000000743500000, 0x0000000795580000)
  object space 54272K, 38% used [0x0000000740000000,0x0000000741449f10,0x0000000743500000)
 Metaspace       used 33413K, capacity 35402K, committed 35496K, reserved 1079296K
  class space    used 4496K, capacity 4856K, committed 4864K, reserved 1048576K
}
Event: 3.506 GC heap before
{Heap before GC invocations=7 (full 2):
 PSYoungGen      total 138240K, used 5088K [0x0000000795580000, 0x00000007a3880000, 0x00000007c0000000)
  eden space 133120K, 0% used [0x0000000795580000,0x0000000795580000,0x000000079d780000)
  from space 5120K, 99% used [0x000000079d780000,0x000000079dc78150,0x000000079dc80000)
  to   space 14336K, 0% used [0x00000007a2a80000,0x00000007a2a80000,0x00000007a3880000)
 ParOldGen       total 54272K, used 20775K [0x0000000740000000, 0x0000000743500000, 0x0000000795580000)
  object space 54272K, 38% used [0x0000000740000000,0x0000000741449f10,0x0000000743500000)
 Metaspace       used 33413K, capacity 35402K, committed 35496K, reserved 1079296K
  class space    used 4496K, capacity 4856K, committed 4864K, reserved 1048576K
Event: 3.548 GC heap after
Heap after GC invocations=7 (full 2):
 PSYoungGen      total 138240K, used 0K [0x0000000795580000, 0x00000007a3880000, 0x00000007c0000000)
  eden space 133120K, 0% used [0x0000000795580000,0x0000000795580000,0x000000079d780000)
  from space 5120K, 0% used [0x000000079d780000,0x000000079d780000,0x000000079dc80000)
  to   space 14336K, 0% used [0x00000007a2a80000,0x00000007a2a80000,0x00000007a3880000)
 ParOldGen       total 81408K, used 18481K [0x0000000740000000, 0x0000000744f80000, 0x0000000795580000)
  object space 81408K, 22% used [0x0000000740000000,0x000000074120c748,0x0000000744f80000)
 Metaspace       used 33413K, capacity 35402K, committed 35496K, reserved 1079296K
  class space    used 4496K, capacity 4856K, committed 4864K, reserved 1048576K
}
Event: 8.784 GC heap before
{Heap before GC invocations=8 (full 2):
 PSYoungGen      total 138240K, used 133120K [0x0000000795580000, 0x00000007a3880000, 0x00000007c0000000)
  eden space 133120K, 100% used [0x0000000795580000,0x000000079d780000,0x000000079d780000)
  from space 5120K, 0% used [0x000000079d780000,0x000000079d780000,0x000000079dc80000)
  to   space 14336K, 0% used [0x00000007a2a80000,0x00000007a2a80000,0x00000007a3880000)
 ParOldGen       total 81408K, used 18481K [0x0000000740000000, 0x0000000744f80000, 0x0000000795580000)
  object space 81408K, 22% used [0x0000000740000000,0x000000074120c748,0x0000000744f80000)
 Metaspace       used 47303K, capacity 50080K, committed 50432K, reserved 1093632K
  class space    used 6093K, capacity 6568K, committed 6656K, reserved 1048576K
Event: 8.810 GC heap after
Heap after GC invocations=8 (full 2):
 PSYoungGen      total 214528K, used 14319K [0x0000000795580000, 0x00000007a4900000, 0x00000007c0000000)
  eden space 200192K, 0% used [0x0000000795580000,0x0000000795580000,0x00000007a1900000)
  from space 14336K, 99% used [0x00000007a2a80000,0x00000007a387bc08,0x00000007a3880000)
  to   space 17920K, 0% used [0x00000007a1900000,0x00000007a1900000,0x00000007a2a80000)
 ParOldGen       total 81408K, used 20602K [0x0000000740000000, 0x0000000744f80000, 0x0000000795580000)
  object space 81408K, 25% used [0x0000000740000000,0x000000074141e998,0x0000000744f80000)
 Metaspace       used 47303K, capacity 50080K, committed 50432K, reserved 1093632K
  class space    used 6093K, capacity 6568K, committed 6656K, reserved 1048576K
}
Event: 56.273 GC heap before
{Heap before GC invocations=9 (full 2):
 PSYoungGen      total 214528K, used 53822K [0x0000000795580000, 0x00000007a4900000, 0x00000007c0000000)
  eden space 200192K, 19% used [0x0000000795580000,0x0000000797c13c78,0x00000007a1900000)
  from space 14336K, 99% used [0x00000007a2a80000,0x00000007a387bc08,0x00000007a3880000)
  to   space 17920K, 0% used [0x00000007a1900000,0x00000007a1900000,0x00000007a2a80000)
 ParOldGen       total 81408K, used 20602K [0x0000000740000000, 0x0000000744f80000, 0x0000000795580000)
  object space 81408K, 25% used [0x0000000740000000,0x000000074141e998,0x0000000744f80000)
 Metaspace       used 47468K, capacity 50262K, committed 50432K, reserved 1093632K
  class space    used 6119K, capacity 6592K, committed 6656K, reserved 1048576K
Event: 56.373 GC heap after
Heap after GC invocations=9 (full 2):
 PSYoungGen      total 218112K, used 5000K [0x0000000795580000, 0x00000007a4900000, 0x00000007c0000000)
  eden space 200192K, 0% used [0x0000000795580000,0x0000000795580000,0x00000007a1900000)
  from space 17920K, 27% used [0x00000007a1900000,0x00000007a1de2038,0x00000007a2a80000)
  to   space 17920K, 0% used [0x00000007a3780000,0x00000007a3780000,0x00000007a4900000)
 ParOldGen       total 81408K, used 20610K [0x0000000740000000, 0x0000000744f80000, 0x0000000795580000)
  object space 81408K, 25% used [0x0000000740000000,0x0000000741420998,0x0000000744f80000)
 Metaspace       used 47468K, capacity 50262K, committed 50432K, reserved 1093632K
  class space    used 6119K, capacity 6592K, committed 6656K, reserved 1048576K
}
Event: 56.373 GC heap before
{Heap before GC invocations=10 (full 3):
 PSYoungGen      total 218112K, used 5000K [0x0000000795580000, 0x00000007a4900000, 0x00000007c0000000)
  eden space 200192K, 0% used [0x0000000795580000,0x0000000795580000,0x00000007a1900000)
  from space 17920K, 27% used [0x00000007a1900000,0x00000007a1de2038,0x00000007a2a80000)
  to   space 17920K, 0% used [0x00000007a3780000,0x00000007a3780000,0x00000007a4900000)
 ParOldGen       total 81408K, used 20610K [0x0000000740000000, 0x0000000744f80000, 0x0000000795580000)
  object space 81408K, 25% used [0x0000000740000000,0x0000000741420998,0x0000000744f80000)
 Metaspace       used 47468K, capacity 50262K, committed 50432K, reserved 1093632K
  class space    used 6119K, capacity 6592K, committed 6656K, reserved 1048576K
Event: 56.833 GC heap after
Heap after GC invocations=10 (full 3):
 PSYoungGen      total 218112K, used 0K [0x0000000795580000, 0x00000007a4900000, 0x00000007c0000000)
  eden space 200192K, 0% used [0x0000000795580000,0x0000000795580000,0x00000007a1900000)
  from space 17920K, 0% used [0x00000007a1900000,0x00000007a1900000,0x00000007a2a80000)
  to   space 17920K, 0% used [0x00000007a3780000,0x00000007a3780000,0x00000007a4900000)
 ParOldGen       total 81408K, used 14280K [0x0000000740000000, 0x0000000744f80000, 0x0000000795580000)
  object space 81408K, 17% used [0x0000000740000000,0x0000000740df2348,0x0000000744f80000)
 Metaspace       used 47420K, capacity 50134K, committed 50432K, reserved 1093632K
  class space    used 6113K, capacity 6580K, committed 6656K, reserved 1048576K
}

